<?xml version="1.0" encoding="UTF-8"?>
<testsuite xmlns:xsi="http://www.w3.org/2001/XMLSchema-instance" xsi:noNamespaceSchemaLocation="https://maven.apache.org/surefire/maven-surefire-plugin/xsd/surefire-test-report-3.0.xsd" version="3.0" name="com.shermatov.customer.CustomerJDBCDataAccessServiceTest" time="2.595" tests="15" errors="0" skipped="0" failures="0">
  <properties>
    <property name="java.specification.version" value="21"/>
    <property name="sun.jnu.encoding" value="UTF-8"/>
    <property name="java.class.path" value="/Users/aibek_shermatov/Desktop/Not Important/project/Spring-boot-project/target/test-classes:/Users/aibek_shermatov/Desktop/Not Important/project/Spring-boot-project/target/classes:/Users/aibek_shermatov/.m2/repository/org/springframework/boot/spring-boot-starter-data-jdbc/3.2.0/spring-boot-starter-data-jdbc-3.2.0.jar:/Users/aibek_shermatov/.m2/repository/org/springframework/boot/spring-boot-starter-jdbc/3.2.0/spring-boot-starter-jdbc-3.2.0.jar:/Users/aibek_shermatov/.m2/repository/com/zaxxer/HikariCP/5.0.1/HikariCP-5.0.1.jar:/Users/aibek_shermatov/.m2/repository/org/springframework/spring-jdbc/6.1.1/spring-jdbc-6.1.1.jar:/Users/aibek_shermatov/.m2/repository/org/springframework/data/spring-data-jdbc/3.2.0/spring-data-jdbc-3.2.0.jar:/Users/aibek_shermatov/.m2/repository/org/springframework/data/spring-data-relational/3.2.0/spring-data-relational-3.2.0.jar:/Users/aibek_shermatov/.m2/repository/com/github/jsqlparser/jsqlparser/4.6/jsqlparser-4.6.jar:/Users/aibek_shermatov/.m2/repository/org/springframework/data/spring-data-commons/3.2.0/spring-data-commons-3.2.0.jar:/Users/aibek_shermatov/.m2/repository/org/springframework/spring-tx/6.1.1/spring-tx-6.1.1.jar:/Users/aibek_shermatov/.m2/repository/org/springframework/spring-context/6.1.1/spring-context-6.1.1.jar:/Users/aibek_shermatov/.m2/repository/org/springframework/spring-beans/6.1.1/spring-beans-6.1.1.jar:/Users/aibek_shermatov/.m2/repository/net/datafaker/datafaker/1.8.1/datafaker-1.8.1.jar:/Users/aibek_shermatov/.m2/repository/org/yaml/snakeyaml/2.2/snakeyaml-2.2.jar:/Users/aibek_shermatov/.m2/repository/com/github/mifmif/generex/1.0.2/generex-1.0.2.jar:/Users/aibek_shermatov/.m2/repository/dk/brics/automaton/automaton/1.11-8/automaton-1.11-8.jar:/Users/aibek_shermatov/.m2/repository/org/postgresql/postgresql/42.6.0/postgresql-42.6.0.jar:/Users/aibek_shermatov/.m2/repository/org/checkerframework/checker-qual/3.31.0/checker-qual-3.31.0.jar:/Users/aibek_shermatov/.m2/repository/org/flywaydb/flyway-core/9.22.3/flyway-core-9.22.3.jar:/Users/aibek_shermatov/.m2/repository/com/fasterxml/jackson/dataformat/jackson-dataformat-toml/2.15.3/jackson-dataformat-toml-2.15.3.jar:/Users/aibek_shermatov/.m2/repository/com/fasterxml/jackson/core/jackson-databind/2.15.3/jackson-databind-2.15.3.jar:/Users/aibek_shermatov/.m2/repository/com/fasterxml/jackson/core/jackson-core/2.15.3/jackson-core-2.15.3.jar:/Users/aibek_shermatov/.m2/repository/com/google/code/gson/gson/2.10.1/gson-2.10.1.jar:/Users/aibek_shermatov/.m2/repository/org/springframework/boot/spring-boot-starter-data-jpa/3.2.0/spring-boot-starter-data-jpa-3.2.0.jar:/Users/aibek_shermatov/.m2/repository/org/springframework/boot/spring-boot-starter-aop/3.2.0/spring-boot-starter-aop-3.2.0.jar:/Users/aibek_shermatov/.m2/repository/org/springframework/spring-aop/6.1.1/spring-aop-6.1.1.jar:/Users/aibek_shermatov/.m2/repository/org/aspectj/aspectjweaver/1.9.20.1/aspectjweaver-1.9.20.1.jar:/Users/aibek_shermatov/.m2/repository/org/hibernate/orm/hibernate-core/6.3.1.Final/hibernate-core-6.3.1.Final.jar:/Users/aibek_shermatov/.m2/repository/jakarta/persistence/jakarta.persistence-api/3.1.0/jakarta.persistence-api-3.1.0.jar:/Users/aibek_shermatov/.m2/repository/jakarta/transaction/jakarta.transaction-api/2.0.1/jakarta.transaction-api-2.0.1.jar:/Users/aibek_shermatov/.m2/repository/org/jboss/logging/jboss-logging/3.5.3.Final/jboss-logging-3.5.3.Final.jar:/Users/aibek_shermatov/.m2/repository/org/hibernate/common/hibernate-commons-annotations/6.0.6.Final/hibernate-commons-annotations-6.0.6.Final.jar:/Users/aibek_shermatov/.m2/repository/io/smallrye/jandex/3.1.2/jandex-3.1.2.jar:/Users/aibek_shermatov/.m2/repository/com/fasterxml/classmate/1.6.0/classmate-1.6.0.jar:/Users/aibek_shermatov/.m2/repository/net/bytebuddy/byte-buddy/1.14.10/byte-buddy-1.14.10.jar:/Users/aibek_shermatov/.m2/repository/org/glassfish/jaxb/jaxb-runtime/4.0.4/jaxb-runtime-4.0.4.jar:/Users/aibek_shermatov/.m2/repository/org/glassfish/jaxb/jaxb-core/4.0.4/jaxb-core-4.0.4.jar:/Users/aibek_shermatov/.m2/repository/org/eclipse/angus/angus-activation/2.0.1/angus-activation-2.0.1.jar:/Users/aibek_shermatov/.m2/repository/org/glassfish/jaxb/txw2/4.0.4/txw2-4.0.4.jar:/Users/aibek_shermatov/.m2/repository/com/sun/istack/istack-commons-runtime/4.1.2/istack-commons-runtime-4.1.2.jar:/Users/aibek_shermatov/.m2/repository/jakarta/inject/jakarta.inject-api/2.0.1/jakarta.inject-api-2.0.1.jar:/Users/aibek_shermatov/.m2/repository/org/antlr/antlr4-runtime/4.10.1/antlr4-runtime-4.10.1.jar:/Users/aibek_shermatov/.m2/repository/org/springframework/data/spring-data-jpa/3.2.0/spring-data-jpa-3.2.0.jar:/Users/aibek_shermatov/.m2/repository/org/springframework/spring-orm/6.1.1/spring-orm-6.1.1.jar:/Users/aibek_shermatov/.m2/repository/jakarta/annotation/jakarta.annotation-api/2.1.1/jakarta.annotation-api-2.1.1.jar:/Users/aibek_shermatov/.m2/repository/org/springframework/spring-aspects/6.1.1/spring-aspects-6.1.1.jar:/Users/aibek_shermatov/.m2/repository/org/springframework/boot/spring-boot-starter-web/3.1.4/spring-boot-starter-web-3.1.4.jar:/Users/aibek_shermatov/.m2/repository/org/springframework/boot/spring-boot-starter/3.2.0/spring-boot-starter-3.2.0.jar:/Users/aibek_shermatov/.m2/repository/org/springframework/boot/spring-boot/3.2.0/spring-boot-3.2.0.jar:/Users/aibek_shermatov/.m2/repository/org/springframework/boot/spring-boot-autoconfigure/3.2.0/spring-boot-autoconfigure-3.2.0.jar:/Users/aibek_shermatov/.m2/repository/org/springframework/boot/spring-boot-starter-logging/3.2.0/spring-boot-starter-logging-3.2.0.jar:/Users/aibek_shermatov/.m2/repository/ch/qos/logback/logback-classic/1.4.11/logback-classic-1.4.11.jar:/Users/aibek_shermatov/.m2/repository/ch/qos/logback/logback-core/1.4.11/logback-core-1.4.11.jar:/Users/aibek_shermatov/.m2/repository/org/apache/logging/log4j/log4j-to-slf4j/2.21.1/log4j-to-slf4j-2.21.1.jar:/Users/aibek_shermatov/.m2/repository/org/apache/logging/log4j/log4j-api/2.21.1/log4j-api-2.21.1.jar:/Users/aibek_shermatov/.m2/repository/org/slf4j/jul-to-slf4j/2.0.9/jul-to-slf4j-2.0.9.jar:/Users/aibek_shermatov/.m2/repository/org/springframework/boot/spring-boot-starter-json/3.2.0/spring-boot-starter-json-3.2.0.jar:/Users/aibek_shermatov/.m2/repository/com/fasterxml/jackson/datatype/jackson-datatype-jdk8/2.15.3/jackson-datatype-jdk8-2.15.3.jar:/Users/aibek_shermatov/.m2/repository/com/fasterxml/jackson/datatype/jackson-datatype-jsr310/2.15.3/jackson-datatype-jsr310-2.15.3.jar:/Users/aibek_shermatov/.m2/repository/com/fasterxml/jackson/module/jackson-module-parameter-names/2.15.3/jackson-module-parameter-names-2.15.3.jar:/Users/aibek_shermatov/.m2/repository/org/springframework/boot/spring-boot-starter-tomcat/3.2.0/spring-boot-starter-tomcat-3.2.0.jar:/Users/aibek_shermatov/.m2/repository/org/apache/tomcat/embed/tomcat-embed-core/10.1.16/tomcat-embed-core-10.1.16.jar:/Users/aibek_shermatov/.m2/repository/org/apache/tomcat/embed/tomcat-embed-el/10.1.16/tomcat-embed-el-10.1.16.jar:/Users/aibek_shermatov/.m2/repository/org/apache/tomcat/embed/tomcat-embed-websocket/10.1.16/tomcat-embed-websocket-10.1.16.jar:/Users/aibek_shermatov/.m2/repository/org/springframework/spring-web/6.1.1/spring-web-6.1.1.jar:/Users/aibek_shermatov/.m2/repository/io/micrometer/micrometer-observation/1.12.0/micrometer-observation-1.12.0.jar:/Users/aibek_shermatov/.m2/repository/io/micrometer/micrometer-commons/1.12.0/micrometer-commons-1.12.0.jar:/Users/aibek_shermatov/.m2/repository/org/springframework/spring-webmvc/6.1.1/spring-webmvc-6.1.1.jar:/Users/aibek_shermatov/.m2/repository/org/springframework/spring-expression/6.1.1/spring-expression-6.1.1.jar:/Users/aibek_shermatov/.m2/repository/org/testcontainers/testcontainers/1.19.2/testcontainers-1.19.2.jar:/Users/aibek_shermatov/.m2/repository/junit/junit/4.13.2/junit-4.13.2.jar:/Users/aibek_shermatov/.m2/repository/org/hamcrest/hamcrest-core/2.2/hamcrest-core-2.2.jar:/Users/aibek_shermatov/.m2/repository/org/slf4j/slf4j-api/2.0.9/slf4j-api-2.0.9.jar:/Users/aibek_shermatov/.m2/repository/org/apache/commons/commons-compress/1.24.0/commons-compress-1.24.0.jar:/Users/aibek_shermatov/.m2/repository/org/rnorth/duct-tape/duct-tape/1.0.8/duct-tape-1.0.8.jar:/Users/aibek_shermatov/.m2/repository/org/jetbrains/annotations/17.0.0/annotations-17.0.0.jar:/Users/aibek_shermatov/.m2/repository/com/github/docker-java/docker-java-api/3.3.4/docker-java-api-3.3.4.jar:/Users/aibek_shermatov/.m2/repository/com/fasterxml/jackson/core/jackson-annotations/2.15.3/jackson-annotations-2.15.3.jar:/Users/aibek_shermatov/.m2/repository/com/github/docker-java/docker-java-transport-zerodep/3.3.4/docker-java-transport-zerodep-3.3.4.jar:/Users/aibek_shermatov/.m2/repository/com/github/docker-java/docker-java-transport/3.3.4/docker-java-transport-3.3.4.jar:/Users/aibek_shermatov/.m2/repository/net/java/dev/jna/jna/5.13.0/jna-5.13.0.jar:/Users/aibek_shermatov/.m2/repository/org/testcontainers/junit-jupiter/1.19.2/junit-jupiter-1.19.2.jar:/Users/aibek_shermatov/.m2/repository/org/springframework/boot/spring-boot-starter-webflux/3.2.0/spring-boot-starter-webflux-3.2.0.jar:/Users/aibek_shermatov/.m2/repository/org/springframework/boot/spring-boot-starter-reactor-netty/3.2.0/spring-boot-starter-reactor-netty-3.2.0.jar:/Users/aibek_shermatov/.m2/repository/io/projectreactor/netty/reactor-netty-http/1.1.13/reactor-netty-http-1.1.13.jar:/Users/aibek_shermatov/.m2/repository/io/netty/netty-codec-http/4.1.101.Final/netty-codec-http-4.1.101.Final.jar:/Users/aibek_shermatov/.m2/repository/io/netty/netty-common/4.1.101.Final/netty-common-4.1.101.Final.jar:/Users/aibek_shermatov/.m2/repository/io/netty/netty-buffer/4.1.101.Final/netty-buffer-4.1.101.Final.jar:/Users/aibek_shermatov/.m2/repository/io/netty/netty-transport/4.1.101.Final/netty-transport-4.1.101.Final.jar:/Users/aibek_shermatov/.m2/repository/io/netty/netty-codec/4.1.101.Final/netty-codec-4.1.101.Final.jar:/Users/aibek_shermatov/.m2/repository/io/netty/netty-handler/4.1.101.Final/netty-handler-4.1.101.Final.jar:/Users/aibek_shermatov/.m2/repository/io/netty/netty-codec-http2/4.1.101.Final/netty-codec-http2-4.1.101.Final.jar:/Users/aibek_shermatov/.m2/repository/io/netty/netty-resolver-dns/4.1.101.Final/netty-resolver-dns-4.1.101.Final.jar:/Users/aibek_shermatov/.m2/repository/io/netty/netty-resolver/4.1.101.Final/netty-resolver-4.1.101.Final.jar:/Users/aibek_shermatov/.m2/repository/io/netty/netty-codec-dns/4.1.101.Final/netty-codec-dns-4.1.101.Final.jar:/Users/aibek_shermatov/.m2/repository/io/netty/netty-resolver-dns-native-macos/4.1.101.Final/netty-resolver-dns-native-macos-4.1.101.Final-osx-x86_64.jar:/Users/aibek_shermatov/.m2/repository/io/netty/netty-resolver-dns-classes-macos/4.1.101.Final/netty-resolver-dns-classes-macos-4.1.101.Final.jar:/Users/aibek_shermatov/.m2/repository/io/netty/netty-transport-native-epoll/4.1.101.Final/netty-transport-native-epoll-4.1.101.Final-linux-x86_64.jar:/Users/aibek_shermatov/.m2/repository/io/netty/netty-transport-native-unix-common/4.1.101.Final/netty-transport-native-unix-common-4.1.101.Final.jar:/Users/aibek_shermatov/.m2/repository/io/netty/netty-transport-classes-epoll/4.1.101.Final/netty-transport-classes-epoll-4.1.101.Final.jar:/Users/aibek_shermatov/.m2/repository/io/projectreactor/netty/reactor-netty-core/1.1.13/reactor-netty-core-1.1.13.jar:/Users/aibek_shermatov/.m2/repository/io/netty/netty-handler-proxy/4.1.101.Final/netty-handler-proxy-4.1.101.Final.jar:/Users/aibek_shermatov/.m2/repository/io/netty/netty-codec-socks/4.1.101.Final/netty-codec-socks-4.1.101.Final.jar:/Users/aibek_shermatov/.m2/repository/org/springframework/spring-webflux/6.1.1/spring-webflux-6.1.1.jar:/Users/aibek_shermatov/.m2/repository/io/projectreactor/reactor-core/3.6.0/reactor-core-3.6.0.jar:/Users/aibek_shermatov/.m2/repository/org/reactivestreams/reactive-streams/1.0.4/reactive-streams-1.0.4.jar:/Users/aibek_shermatov/.m2/repository/org/testcontainers/postgresql/1.19.2/postgresql-1.19.2.jar:/Users/aibek_shermatov/.m2/repository/org/testcontainers/jdbc/1.19.3/jdbc-1.19.3.jar:/Users/aibek_shermatov/.m2/repository/org/testcontainers/database-commons/1.19.3/database-commons-1.19.3.jar:/Users/aibek_shermatov/.m2/repository/org/springframework/boot/spring-boot-starter-test/3.2.0/spring-boot-starter-test-3.2.0.jar:/Users/aibek_shermatov/.m2/repository/org/springframework/boot/spring-boot-test/3.2.0/spring-boot-test-3.2.0.jar:/Users/aibek_shermatov/.m2/repository/org/springframework/boot/spring-boot-test-autoconfigure/3.2.0/spring-boot-test-autoconfigure-3.2.0.jar:/Users/aibek_shermatov/.m2/repository/com/jayway/jsonpath/json-path/2.8.0/json-path-2.8.0.jar:/Users/aibek_shermatov/.m2/repository/jakarta/xml/bind/jakarta.xml.bind-api/4.0.1/jakarta.xml.bind-api-4.0.1.jar:/Users/aibek_shermatov/.m2/repository/jakarta/activation/jakarta.activation-api/2.1.2/jakarta.activation-api-2.1.2.jar:/Users/aibek_shermatov/.m2/repository/net/minidev/json-smart/2.5.0/json-smart-2.5.0.jar:/Users/aibek_shermatov/.m2/repository/net/minidev/accessors-smart/2.5.0/accessors-smart-2.5.0.jar:/Users/aibek_shermatov/.m2/repository/org/ow2/asm/asm/9.3/asm-9.3.jar:/Users/aibek_shermatov/.m2/repository/org/assertj/assertj-core/3.24.2/assertj-core-3.24.2.jar:/Users/aibek_shermatov/.m2/repository/org/awaitility/awaitility/4.2.0/awaitility-4.2.0.jar:/Users/aibek_shermatov/.m2/repository/org/hamcrest/hamcrest/2.2/hamcrest-2.2.jar:/Users/aibek_shermatov/.m2/repository/org/junit/jupiter/junit-jupiter/5.10.1/junit-jupiter-5.10.1.jar:/Users/aibek_shermatov/.m2/repository/org/junit/jupiter/junit-jupiter-api/5.10.1/junit-jupiter-api-5.10.1.jar:/Users/aibek_shermatov/.m2/repository/org/opentest4j/opentest4j/1.3.0/opentest4j-1.3.0.jar:/Users/aibek_shermatov/.m2/repository/org/junit/platform/junit-platform-commons/1.10.1/junit-platform-commons-1.10.1.jar:/Users/aibek_shermatov/.m2/repository/org/apiguardian/apiguardian-api/1.1.2/apiguardian-api-1.1.2.jar:/Users/aibek_shermatov/.m2/repository/org/junit/jupiter/junit-jupiter-params/5.10.1/junit-jupiter-params-5.10.1.jar:/Users/aibek_shermatov/.m2/repository/org/junit/jupiter/junit-jupiter-engine/5.10.1/junit-jupiter-engine-5.10.1.jar:/Users/aibek_shermatov/.m2/repository/org/junit/platform/junit-platform-engine/1.10.1/junit-platform-engine-1.10.1.jar:/Users/aibek_shermatov/.m2/repository/org/mockito/mockito-core/5.7.0/mockito-core-5.7.0.jar:/Users/aibek_shermatov/.m2/repository/net/bytebuddy/byte-buddy-agent/1.14.10/byte-buddy-agent-1.14.10.jar:/Users/aibek_shermatov/.m2/repository/org/objenesis/objenesis/3.3/objenesis-3.3.jar:/Users/aibek_shermatov/.m2/repository/org/mockito/mockito-junit-jupiter/5.7.0/mockito-junit-jupiter-5.7.0.jar:/Users/aibek_shermatov/.m2/repository/org/skyscreamer/jsonassert/1.5.1/jsonassert-1.5.1.jar:/Users/aibek_shermatov/.m2/repository/com/vaadin/external/google/android-json/0.0.20131108.vaadin1/android-json-0.0.20131108.vaadin1.jar:/Users/aibek_shermatov/.m2/repository/org/springframework/spring-core/6.1.1/spring-core-6.1.1.jar:/Users/aibek_shermatov/.m2/repository/org/springframework/spring-jcl/6.1.1/spring-jcl-6.1.1.jar:/Users/aibek_shermatov/.m2/repository/org/springframework/spring-test/6.1.1/spring-test-6.1.1.jar:/Users/aibek_shermatov/.m2/repository/org/xmlunit/xmlunit-core/2.9.1/xmlunit-core-2.9.1.jar:"/>
    <property name="java.vm.vendor" value="Homebrew"/>
    <property name="sun.arch.data.model" value="64"/>
    <property name="java.vendor.url" value="https://github.com/Homebrew/homebrew-core/issues"/>
    <property name="user.timezone" value="Europe/Warsaw"/>
    <property name="os.name" value="Mac OS X"/>
    <property name="java.vm.specification.version" value="21"/>
    <property name="sun.java.launcher" value="SUN_STANDARD"/>
    <property name="user.country" value="US"/>
    <property name="sun.boot.library.path" value="/opt/homebrew/Cellar/openjdk/21.0.1/libexec/openjdk.jdk/Contents/Home/lib"/>
    <property name="sun.java.command" value="/Users/aibek_shermatov/Desktop/Not Important/project/Spring-boot-project/target/surefire/surefirebooter-20231213190101120_3.jar /Users/aibek_shermatov/Desktop/Not Important/project/Spring-boot-project/target/surefire 2023-12-13T19-01-01_045-jvmRun1 surefire-20231213190101120_1tmp surefire_0-20231213190101120_2tmp"/>
    <property name="http.nonProxyHosts" value="local|*.local|169.254/16|*.169.254/16"/>
    <property name="jdk.debug" value="release"/>
    <property name="surefire.test.class.path" value="/Users/aibek_shermatov/Desktop/Not Important/project/Spring-boot-project/target/test-classes:/Users/aibek_shermatov/Desktop/Not Important/project/Spring-boot-project/target/classes:/Users/aibek_shermatov/.m2/repository/org/springframework/boot/spring-boot-starter-data-jdbc/3.2.0/spring-boot-starter-data-jdbc-3.2.0.jar:/Users/aibek_shermatov/.m2/repository/org/springframework/boot/spring-boot-starter-jdbc/3.2.0/spring-boot-starter-jdbc-3.2.0.jar:/Users/aibek_shermatov/.m2/repository/com/zaxxer/HikariCP/5.0.1/HikariCP-5.0.1.jar:/Users/aibek_shermatov/.m2/repository/org/springframework/spring-jdbc/6.1.1/spring-jdbc-6.1.1.jar:/Users/aibek_shermatov/.m2/repository/org/springframework/data/spring-data-jdbc/3.2.0/spring-data-jdbc-3.2.0.jar:/Users/aibek_shermatov/.m2/repository/org/springframework/data/spring-data-relational/3.2.0/spring-data-relational-3.2.0.jar:/Users/aibek_shermatov/.m2/repository/com/github/jsqlparser/jsqlparser/4.6/jsqlparser-4.6.jar:/Users/aibek_shermatov/.m2/repository/org/springframework/data/spring-data-commons/3.2.0/spring-data-commons-3.2.0.jar:/Users/aibek_shermatov/.m2/repository/org/springframework/spring-tx/6.1.1/spring-tx-6.1.1.jar:/Users/aibek_shermatov/.m2/repository/org/springframework/spring-context/6.1.1/spring-context-6.1.1.jar:/Users/aibek_shermatov/.m2/repository/org/springframework/spring-beans/6.1.1/spring-beans-6.1.1.jar:/Users/aibek_shermatov/.m2/repository/net/datafaker/datafaker/1.8.1/datafaker-1.8.1.jar:/Users/aibek_shermatov/.m2/repository/org/yaml/snakeyaml/2.2/snakeyaml-2.2.jar:/Users/aibek_shermatov/.m2/repository/com/github/mifmif/generex/1.0.2/generex-1.0.2.jar:/Users/aibek_shermatov/.m2/repository/dk/brics/automaton/automaton/1.11-8/automaton-1.11-8.jar:/Users/aibek_shermatov/.m2/repository/org/postgresql/postgresql/42.6.0/postgresql-42.6.0.jar:/Users/aibek_shermatov/.m2/repository/org/checkerframework/checker-qual/3.31.0/checker-qual-3.31.0.jar:/Users/aibek_shermatov/.m2/repository/org/flywaydb/flyway-core/9.22.3/flyway-core-9.22.3.jar:/Users/aibek_shermatov/.m2/repository/com/fasterxml/jackson/dataformat/jackson-dataformat-toml/2.15.3/jackson-dataformat-toml-2.15.3.jar:/Users/aibek_shermatov/.m2/repository/com/fasterxml/jackson/core/jackson-databind/2.15.3/jackson-databind-2.15.3.jar:/Users/aibek_shermatov/.m2/repository/com/fasterxml/jackson/core/jackson-core/2.15.3/jackson-core-2.15.3.jar:/Users/aibek_shermatov/.m2/repository/com/google/code/gson/gson/2.10.1/gson-2.10.1.jar:/Users/aibek_shermatov/.m2/repository/org/springframework/boot/spring-boot-starter-data-jpa/3.2.0/spring-boot-starter-data-jpa-3.2.0.jar:/Users/aibek_shermatov/.m2/repository/org/springframework/boot/spring-boot-starter-aop/3.2.0/spring-boot-starter-aop-3.2.0.jar:/Users/aibek_shermatov/.m2/repository/org/springframework/spring-aop/6.1.1/spring-aop-6.1.1.jar:/Users/aibek_shermatov/.m2/repository/org/aspectj/aspectjweaver/1.9.20.1/aspectjweaver-1.9.20.1.jar:/Users/aibek_shermatov/.m2/repository/org/hibernate/orm/hibernate-core/6.3.1.Final/hibernate-core-6.3.1.Final.jar:/Users/aibek_shermatov/.m2/repository/jakarta/persistence/jakarta.persistence-api/3.1.0/jakarta.persistence-api-3.1.0.jar:/Users/aibek_shermatov/.m2/repository/jakarta/transaction/jakarta.transaction-api/2.0.1/jakarta.transaction-api-2.0.1.jar:/Users/aibek_shermatov/.m2/repository/org/jboss/logging/jboss-logging/3.5.3.Final/jboss-logging-3.5.3.Final.jar:/Users/aibek_shermatov/.m2/repository/org/hibernate/common/hibernate-commons-annotations/6.0.6.Final/hibernate-commons-annotations-6.0.6.Final.jar:/Users/aibek_shermatov/.m2/repository/io/smallrye/jandex/3.1.2/jandex-3.1.2.jar:/Users/aibek_shermatov/.m2/repository/com/fasterxml/classmate/1.6.0/classmate-1.6.0.jar:/Users/aibek_shermatov/.m2/repository/net/bytebuddy/byte-buddy/1.14.10/byte-buddy-1.14.10.jar:/Users/aibek_shermatov/.m2/repository/org/glassfish/jaxb/jaxb-runtime/4.0.4/jaxb-runtime-4.0.4.jar:/Users/aibek_shermatov/.m2/repository/org/glassfish/jaxb/jaxb-core/4.0.4/jaxb-core-4.0.4.jar:/Users/aibek_shermatov/.m2/repository/org/eclipse/angus/angus-activation/2.0.1/angus-activation-2.0.1.jar:/Users/aibek_shermatov/.m2/repository/org/glassfish/jaxb/txw2/4.0.4/txw2-4.0.4.jar:/Users/aibek_shermatov/.m2/repository/com/sun/istack/istack-commons-runtime/4.1.2/istack-commons-runtime-4.1.2.jar:/Users/aibek_shermatov/.m2/repository/jakarta/inject/jakarta.inject-api/2.0.1/jakarta.inject-api-2.0.1.jar:/Users/aibek_shermatov/.m2/repository/org/antlr/antlr4-runtime/4.10.1/antlr4-runtime-4.10.1.jar:/Users/aibek_shermatov/.m2/repository/org/springframework/data/spring-data-jpa/3.2.0/spring-data-jpa-3.2.0.jar:/Users/aibek_shermatov/.m2/repository/org/springframework/spring-orm/6.1.1/spring-orm-6.1.1.jar:/Users/aibek_shermatov/.m2/repository/jakarta/annotation/jakarta.annotation-api/2.1.1/jakarta.annotation-api-2.1.1.jar:/Users/aibek_shermatov/.m2/repository/org/springframework/spring-aspects/6.1.1/spring-aspects-6.1.1.jar:/Users/aibek_shermatov/.m2/repository/org/springframework/boot/spring-boot-starter-web/3.1.4/spring-boot-starter-web-3.1.4.jar:/Users/aibek_shermatov/.m2/repository/org/springframework/boot/spring-boot-starter/3.2.0/spring-boot-starter-3.2.0.jar:/Users/aibek_shermatov/.m2/repository/org/springframework/boot/spring-boot/3.2.0/spring-boot-3.2.0.jar:/Users/aibek_shermatov/.m2/repository/org/springframework/boot/spring-boot-autoconfigure/3.2.0/spring-boot-autoconfigure-3.2.0.jar:/Users/aibek_shermatov/.m2/repository/org/springframework/boot/spring-boot-starter-logging/3.2.0/spring-boot-starter-logging-3.2.0.jar:/Users/aibek_shermatov/.m2/repository/ch/qos/logback/logback-classic/1.4.11/logback-classic-1.4.11.jar:/Users/aibek_shermatov/.m2/repository/ch/qos/logback/logback-core/1.4.11/logback-core-1.4.11.jar:/Users/aibek_shermatov/.m2/repository/org/apache/logging/log4j/log4j-to-slf4j/2.21.1/log4j-to-slf4j-2.21.1.jar:/Users/aibek_shermatov/.m2/repository/org/apache/logging/log4j/log4j-api/2.21.1/log4j-api-2.21.1.jar:/Users/aibek_shermatov/.m2/repository/org/slf4j/jul-to-slf4j/2.0.9/jul-to-slf4j-2.0.9.jar:/Users/aibek_shermatov/.m2/repository/org/springframework/boot/spring-boot-starter-json/3.2.0/spring-boot-starter-json-3.2.0.jar:/Users/aibek_shermatov/.m2/repository/com/fasterxml/jackson/datatype/jackson-datatype-jdk8/2.15.3/jackson-datatype-jdk8-2.15.3.jar:/Users/aibek_shermatov/.m2/repository/com/fasterxml/jackson/datatype/jackson-datatype-jsr310/2.15.3/jackson-datatype-jsr310-2.15.3.jar:/Users/aibek_shermatov/.m2/repository/com/fasterxml/jackson/module/jackson-module-parameter-names/2.15.3/jackson-module-parameter-names-2.15.3.jar:/Users/aibek_shermatov/.m2/repository/org/springframework/boot/spring-boot-starter-tomcat/3.2.0/spring-boot-starter-tomcat-3.2.0.jar:/Users/aibek_shermatov/.m2/repository/org/apache/tomcat/embed/tomcat-embed-core/10.1.16/tomcat-embed-core-10.1.16.jar:/Users/aibek_shermatov/.m2/repository/org/apache/tomcat/embed/tomcat-embed-el/10.1.16/tomcat-embed-el-10.1.16.jar:/Users/aibek_shermatov/.m2/repository/org/apache/tomcat/embed/tomcat-embed-websocket/10.1.16/tomcat-embed-websocket-10.1.16.jar:/Users/aibek_shermatov/.m2/repository/org/springframework/spring-web/6.1.1/spring-web-6.1.1.jar:/Users/aibek_shermatov/.m2/repository/io/micrometer/micrometer-observation/1.12.0/micrometer-observation-1.12.0.jar:/Users/aibek_shermatov/.m2/repository/io/micrometer/micrometer-commons/1.12.0/micrometer-commons-1.12.0.jar:/Users/aibek_shermatov/.m2/repository/org/springframework/spring-webmvc/6.1.1/spring-webmvc-6.1.1.jar:/Users/aibek_shermatov/.m2/repository/org/springframework/spring-expression/6.1.1/spring-expression-6.1.1.jar:/Users/aibek_shermatov/.m2/repository/org/testcontainers/testcontainers/1.19.2/testcontainers-1.19.2.jar:/Users/aibek_shermatov/.m2/repository/junit/junit/4.13.2/junit-4.13.2.jar:/Users/aibek_shermatov/.m2/repository/org/hamcrest/hamcrest-core/2.2/hamcrest-core-2.2.jar:/Users/aibek_shermatov/.m2/repository/org/slf4j/slf4j-api/2.0.9/slf4j-api-2.0.9.jar:/Users/aibek_shermatov/.m2/repository/org/apache/commons/commons-compress/1.24.0/commons-compress-1.24.0.jar:/Users/aibek_shermatov/.m2/repository/org/rnorth/duct-tape/duct-tape/1.0.8/duct-tape-1.0.8.jar:/Users/aibek_shermatov/.m2/repository/org/jetbrains/annotations/17.0.0/annotations-17.0.0.jar:/Users/aibek_shermatov/.m2/repository/com/github/docker-java/docker-java-api/3.3.4/docker-java-api-3.3.4.jar:/Users/aibek_shermatov/.m2/repository/com/fasterxml/jackson/core/jackson-annotations/2.15.3/jackson-annotations-2.15.3.jar:/Users/aibek_shermatov/.m2/repository/com/github/docker-java/docker-java-transport-zerodep/3.3.4/docker-java-transport-zerodep-3.3.4.jar:/Users/aibek_shermatov/.m2/repository/com/github/docker-java/docker-java-transport/3.3.4/docker-java-transport-3.3.4.jar:/Users/aibek_shermatov/.m2/repository/net/java/dev/jna/jna/5.13.0/jna-5.13.0.jar:/Users/aibek_shermatov/.m2/repository/org/testcontainers/junit-jupiter/1.19.2/junit-jupiter-1.19.2.jar:/Users/aibek_shermatov/.m2/repository/org/springframework/boot/spring-boot-starter-webflux/3.2.0/spring-boot-starter-webflux-3.2.0.jar:/Users/aibek_shermatov/.m2/repository/org/springframework/boot/spring-boot-starter-reactor-netty/3.2.0/spring-boot-starter-reactor-netty-3.2.0.jar:/Users/aibek_shermatov/.m2/repository/io/projectreactor/netty/reactor-netty-http/1.1.13/reactor-netty-http-1.1.13.jar:/Users/aibek_shermatov/.m2/repository/io/netty/netty-codec-http/4.1.101.Final/netty-codec-http-4.1.101.Final.jar:/Users/aibek_shermatov/.m2/repository/io/netty/netty-common/4.1.101.Final/netty-common-4.1.101.Final.jar:/Users/aibek_shermatov/.m2/repository/io/netty/netty-buffer/4.1.101.Final/netty-buffer-4.1.101.Final.jar:/Users/aibek_shermatov/.m2/repository/io/netty/netty-transport/4.1.101.Final/netty-transport-4.1.101.Final.jar:/Users/aibek_shermatov/.m2/repository/io/netty/netty-codec/4.1.101.Final/netty-codec-4.1.101.Final.jar:/Users/aibek_shermatov/.m2/repository/io/netty/netty-handler/4.1.101.Final/netty-handler-4.1.101.Final.jar:/Users/aibek_shermatov/.m2/repository/io/netty/netty-codec-http2/4.1.101.Final/netty-codec-http2-4.1.101.Final.jar:/Users/aibek_shermatov/.m2/repository/io/netty/netty-resolver-dns/4.1.101.Final/netty-resolver-dns-4.1.101.Final.jar:/Users/aibek_shermatov/.m2/repository/io/netty/netty-resolver/4.1.101.Final/netty-resolver-4.1.101.Final.jar:/Users/aibek_shermatov/.m2/repository/io/netty/netty-codec-dns/4.1.101.Final/netty-codec-dns-4.1.101.Final.jar:/Users/aibek_shermatov/.m2/repository/io/netty/netty-resolver-dns-native-macos/4.1.101.Final/netty-resolver-dns-native-macos-4.1.101.Final-osx-x86_64.jar:/Users/aibek_shermatov/.m2/repository/io/netty/netty-resolver-dns-classes-macos/4.1.101.Final/netty-resolver-dns-classes-macos-4.1.101.Final.jar:/Users/aibek_shermatov/.m2/repository/io/netty/netty-transport-native-epoll/4.1.101.Final/netty-transport-native-epoll-4.1.101.Final-linux-x86_64.jar:/Users/aibek_shermatov/.m2/repository/io/netty/netty-transport-native-unix-common/4.1.101.Final/netty-transport-native-unix-common-4.1.101.Final.jar:/Users/aibek_shermatov/.m2/repository/io/netty/netty-transport-classes-epoll/4.1.101.Final/netty-transport-classes-epoll-4.1.101.Final.jar:/Users/aibek_shermatov/.m2/repository/io/projectreactor/netty/reactor-netty-core/1.1.13/reactor-netty-core-1.1.13.jar:/Users/aibek_shermatov/.m2/repository/io/netty/netty-handler-proxy/4.1.101.Final/netty-handler-proxy-4.1.101.Final.jar:/Users/aibek_shermatov/.m2/repository/io/netty/netty-codec-socks/4.1.101.Final/netty-codec-socks-4.1.101.Final.jar:/Users/aibek_shermatov/.m2/repository/org/springframework/spring-webflux/6.1.1/spring-webflux-6.1.1.jar:/Users/aibek_shermatov/.m2/repository/io/projectreactor/reactor-core/3.6.0/reactor-core-3.6.0.jar:/Users/aibek_shermatov/.m2/repository/org/reactivestreams/reactive-streams/1.0.4/reactive-streams-1.0.4.jar:/Users/aibek_shermatov/.m2/repository/org/testcontainers/postgresql/1.19.2/postgresql-1.19.2.jar:/Users/aibek_shermatov/.m2/repository/org/testcontainers/jdbc/1.19.3/jdbc-1.19.3.jar:/Users/aibek_shermatov/.m2/repository/org/testcontainers/database-commons/1.19.3/database-commons-1.19.3.jar:/Users/aibek_shermatov/.m2/repository/org/springframework/boot/spring-boot-starter-test/3.2.0/spring-boot-starter-test-3.2.0.jar:/Users/aibek_shermatov/.m2/repository/org/springframework/boot/spring-boot-test/3.2.0/spring-boot-test-3.2.0.jar:/Users/aibek_shermatov/.m2/repository/org/springframework/boot/spring-boot-test-autoconfigure/3.2.0/spring-boot-test-autoconfigure-3.2.0.jar:/Users/aibek_shermatov/.m2/repository/com/jayway/jsonpath/json-path/2.8.0/json-path-2.8.0.jar:/Users/aibek_shermatov/.m2/repository/jakarta/xml/bind/jakarta.xml.bind-api/4.0.1/jakarta.xml.bind-api-4.0.1.jar:/Users/aibek_shermatov/.m2/repository/jakarta/activation/jakarta.activation-api/2.1.2/jakarta.activation-api-2.1.2.jar:/Users/aibek_shermatov/.m2/repository/net/minidev/json-smart/2.5.0/json-smart-2.5.0.jar:/Users/aibek_shermatov/.m2/repository/net/minidev/accessors-smart/2.5.0/accessors-smart-2.5.0.jar:/Users/aibek_shermatov/.m2/repository/org/ow2/asm/asm/9.3/asm-9.3.jar:/Users/aibek_shermatov/.m2/repository/org/assertj/assertj-core/3.24.2/assertj-core-3.24.2.jar:/Users/aibek_shermatov/.m2/repository/org/awaitility/awaitility/4.2.0/awaitility-4.2.0.jar:/Users/aibek_shermatov/.m2/repository/org/hamcrest/hamcrest/2.2/hamcrest-2.2.jar:/Users/aibek_shermatov/.m2/repository/org/junit/jupiter/junit-jupiter/5.10.1/junit-jupiter-5.10.1.jar:/Users/aibek_shermatov/.m2/repository/org/junit/jupiter/junit-jupiter-api/5.10.1/junit-jupiter-api-5.10.1.jar:/Users/aibek_shermatov/.m2/repository/org/opentest4j/opentest4j/1.3.0/opentest4j-1.3.0.jar:/Users/aibek_shermatov/.m2/repository/org/junit/platform/junit-platform-commons/1.10.1/junit-platform-commons-1.10.1.jar:/Users/aibek_shermatov/.m2/repository/org/apiguardian/apiguardian-api/1.1.2/apiguardian-api-1.1.2.jar:/Users/aibek_shermatov/.m2/repository/org/junit/jupiter/junit-jupiter-params/5.10.1/junit-jupiter-params-5.10.1.jar:/Users/aibek_shermatov/.m2/repository/org/junit/jupiter/junit-jupiter-engine/5.10.1/junit-jupiter-engine-5.10.1.jar:/Users/aibek_shermatov/.m2/repository/org/junit/platform/junit-platform-engine/1.10.1/junit-platform-engine-1.10.1.jar:/Users/aibek_shermatov/.m2/repository/org/mockito/mockito-core/5.7.0/mockito-core-5.7.0.jar:/Users/aibek_shermatov/.m2/repository/net/bytebuddy/byte-buddy-agent/1.14.10/byte-buddy-agent-1.14.10.jar:/Users/aibek_shermatov/.m2/repository/org/objenesis/objenesis/3.3/objenesis-3.3.jar:/Users/aibek_shermatov/.m2/repository/org/mockito/mockito-junit-jupiter/5.7.0/mockito-junit-jupiter-5.7.0.jar:/Users/aibek_shermatov/.m2/repository/org/skyscreamer/jsonassert/1.5.1/jsonassert-1.5.1.jar:/Users/aibek_shermatov/.m2/repository/com/vaadin/external/google/android-json/0.0.20131108.vaadin1/android-json-0.0.20131108.vaadin1.jar:/Users/aibek_shermatov/.m2/repository/org/springframework/spring-core/6.1.1/spring-core-6.1.1.jar:/Users/aibek_shermatov/.m2/repository/org/springframework/spring-jcl/6.1.1/spring-jcl-6.1.1.jar:/Users/aibek_shermatov/.m2/repository/org/springframework/spring-test/6.1.1/spring-test-6.1.1.jar:/Users/aibek_shermatov/.m2/repository/org/xmlunit/xmlunit-core/2.9.1/xmlunit-core-2.9.1.jar:"/>
    <property name="sun.cpu.endian" value="little"/>
    <property name="user.home" value="/Users/aibek_shermatov"/>
    <property name="user.language" value="en"/>
    <property name="java.specification.vendor" value="Oracle Corporation"/>
    <property name="java.version.date" value="2023-10-17"/>
    <property name="java.home" value="/opt/homebrew/Cellar/openjdk/21.0.1/libexec/openjdk.jdk/Contents/Home"/>
    <property name="file.separator" value="/"/>
    <property name="basedir" value="/Users/aibek_shermatov/Desktop/Not Important/project/Spring-boot-project"/>
    <property name="java.vm.compressedOopsMode" value="Zero based"/>
    <property name="line.separator" value="&#10;"/>
    <property name="java.vm.specification.vendor" value="Oracle Corporation"/>
    <property name="java.specification.name" value="Java Platform API Specification"/>
    <property name="apple.awt.application.name" value="ForkedBooter"/>
    <property name="surefire.real.class.path" value="/Users/aibek_shermatov/Desktop/Not Important/project/Spring-boot-project/target/surefire/surefirebooter-20231213190101120_3.jar"/>
    <property name="sun.management.compiler" value="HotSpot 64-Bit Tiered Compilers"/>
    <property name="ftp.nonProxyHosts" value="local|*.local|169.254/16|*.169.254/16"/>
    <property name="java.runtime.version" value="21.0.1"/>
    <property name="user.name" value="aibek_shermatov"/>
    <property name="stdout.encoding" value="UTF-8"/>
    <property name="path.separator" value=":"/>
    <property name="os.version" value="14.1.1"/>
    <property name="java.runtime.name" value="OpenJDK Runtime Environment"/>
    <property name="file.encoding" value="UTF-8"/>
    <property name="java.vm.name" value="OpenJDK 64-Bit Server VM"/>
    <property name="java.vendor.version" value="Homebrew"/>
    <property name="localRepository" value="/Users/aibek_shermatov/.m2/repository"/>
    <property name="java.vendor.url.bug" value="https://github.com/Homebrew/homebrew-core/issues"/>
    <property name="java.io.tmpdir" value="/var/folders/ds/pskcxdt5691d_6lqhbh3qvz80000gn/T/"/>
    <property name="com.zaxxer.hikari.pool_number" value="13"/>
    <property name="java.version" value="21.0.1"/>
    <property name="user.dir" value="/Users/aibek_shermatov/Desktop/Not Important/project/Spring-boot-project"/>
    <property name="os.arch" value="aarch64"/>
    <property name="java.vm.specification.name" value="Java Virtual Machine Specification"/>
    <property name="native.encoding" value="UTF-8"/>
    <property name="java.library.path" value="/Users/aibek_shermatov/Library/Java/Extensions:/Library/Java/Extensions:/Network/Library/Java/Extensions:/System/Library/Java/Extensions:/usr/lib/java:."/>
    <property name="java.vm.info" value="mixed mode, sharing"/>
    <property name="stderr.encoding" value="UTF-8"/>
    <property name="java.vendor" value="Homebrew"/>
    <property name="java.vm.version" value="21.0.1"/>
    <property name="sun.io.unicode.encoding" value="UnicodeBig"/>
    <property name="socksNonProxyHosts" value="local|*.local|169.254/16|*.169.254/16"/>
    <property name="java.class.version" value="65.0"/>
  </properties>
  <testcase name="selectCustomersById" classname="com.shermatov.customer.CustomerJDBCDataAccessServiceTest" time="0.207">
    <system-out><![CDATA[19:01:07.002 [main] INFO tc.postgres:latest -- Creating container for image: postgres:latest
19:01:07.058 [main] INFO tc.postgres:latest -- Container postgres:latest is starting: ba2f3316f92d90039c4f5649db9734dd596d453ca0335ae1f5b611abe491eb50
19:01:08.430 [main] INFO tc.postgres:latest -- Container postgres:latest started in PT1.427856S
19:01:08.431 [main] INFO tc.postgres:latest -- Container is started (JDBC URL: jdbc:postgresql://localhost:52342/aibek-dao-unit-test?loggerLevel=OFF)
19:01:08.493 [main] INFO org.flywaydb.core.FlywayExecutor -- Database: jdbc:postgresql://localhost:52342/aibek-dao-unit-test (PostgreSQL 15.3)
19:01:08.534 [main] INFO org.flywaydb.core.internal.schemahistory.JdbcTableSchemaHistory -- Schema history table "public"."flyway_schema_history" does not exist yet
19:01:08.535 [main] INFO org.flywaydb.core.internal.command.DbValidate -- Successfully validated 2 migrations (execution time 00:00.032s)
19:01:08.546 [main] INFO org.flywaydb.core.internal.schemahistory.JdbcTableSchemaHistory -- Creating Schema History table "public"."flyway_schema_history" ...
19:01:08.572 [main] INFO org.flywaydb.core.internal.command.DbMigrate -- Current version of schema "public": << Empty Schema >>
19:01:08.576 [main] INFO org.flywaydb.core.internal.command.DbMigrate -- Migrating schema "public" to version "1 - Initial Setup"
19:01:08.589 [main] INFO org.flywaydb.core.internal.command.DbMigrate -- Migrating schema "public" to version "2 - Add Unique Constraint To Customer Email"
19:01:08.599 [main] INFO org.flywaydb.core.internal.command.DbMigrate -- Successfully applied 2 migrations to schema "public", now at version v2 (execution time 00:00.008s)
19:01:08.758 [main] INFO com.zaxxer.hikari.HikariDataSource -- HikariPool-1 - Starting...
19:01:08.779 [main] INFO com.zaxxer.hikari.pool.HikariPool -- HikariPool-1 - Added connection org.postgresql.jdbc.PgConnection@58b3eb1
19:01:08.779 [main] INFO com.zaxxer.hikari.HikariDataSource -- HikariPool-1 - Start completed.
dbcTemplate.update = 1
]]></system-out>
  </testcase>
  <testcase name="willReturnEmptyWhenSelectCustomersById" classname="com.shermatov.customer.CustomerJDBCDataAccessServiceTest" time="0.012">
    <system-out><![CDATA[19:01:08.812 [main] INFO com.zaxxer.hikari.HikariDataSource -- HikariPool-2 - Starting...
19:01:08.822 [main] INFO com.zaxxer.hikari.pool.HikariPool -- HikariPool-2 - Added connection org.postgresql.jdbc.PgConnection@38923cfe
19:01:08.822 [main] INFO com.zaxxer.hikari.HikariDataSource -- HikariPool-2 - Start completed.
]]></system-out>
  </testcase>
  <testcase name="selectAllCustomers" classname="com.shermatov.customer.CustomerJDBCDataAccessServiceTest" time="0.016">
    <system-out><![CDATA[19:01:08.825 [main] INFO com.zaxxer.hikari.HikariDataSource -- HikariPool-3 - Starting...
19:01:08.835 [main] INFO com.zaxxer.hikari.pool.HikariPool -- HikariPool-3 - Added connection org.postgresql.jdbc.PgConnection@52290e63
19:01:08.835 [main] INFO com.zaxxer.hikari.HikariDataSource -- HikariPool-3 - Start completed.
dbcTemplate.update = 1
]]></system-out>
  </testcase>
  <testcase name="willUpdateAllPropertiesCustomer" classname="com.shermatov.customer.CustomerJDBCDataAccessServiceTest" time="0.018">
    <system-out><![CDATA[19:01:08.843 [main] INFO com.zaxxer.hikari.HikariDataSource -- HikariPool-4 - Starting...
19:01:08.852 [main] INFO com.zaxxer.hikari.pool.HikariPool -- HikariPool-4 - Added connection org.postgresql.jdbc.PgConnection@774c5e5c
19:01:08.852 [main] INFO com.zaxxer.hikari.HikariDataSource -- HikariPool-4 - Start completed.
dbcTemplate.update = 1
update customer name result = 1
update customer age result = 1
update customer email result = 1
]]></system-out>
  </testcase>
  <testcase name="existsCustomerWithEmail" classname="com.shermatov.customer.CustomerJDBCDataAccessServiceTest" time="0.042">
    <system-out><![CDATA[19:01:08.862 [main] INFO com.zaxxer.hikari.HikariDataSource -- HikariPool-5 - Starting...
19:01:08.888 [main] INFO com.zaxxer.hikari.pool.HikariPool -- HikariPool-5 - Added connection org.postgresql.jdbc.PgConnection@6a878778
19:01:08.888 [main] INFO com.zaxxer.hikari.HikariDataSource -- HikariPool-5 - Start completed.
dbcTemplate.update = 1
]]></system-out>
  </testcase>
  <testcase name="deleteCustomerById" classname="com.shermatov.customer.CustomerJDBCDataAccessServiceTest" time="0.017">
    <system-out><![CDATA[19:01:08.903 [main] INFO com.zaxxer.hikari.HikariDataSource -- HikariPool-6 - Starting...
19:01:08.915 [main] INFO com.zaxxer.hikari.pool.HikariPool -- HikariPool-6 - Added connection org.postgresql.jdbc.PgConnection@54737322
19:01:08.916 [main] INFO com.zaxxer.hikari.HikariDataSource -- HikariPool-6 - Start completed.
dbcTemplate.update = 1
deleteCustomerById result = 1
]]></system-out>
  </testcase>
  <testcase name="existsPersonWithIdWillReturnFalseWhenIdNotPresent" classname="com.shermatov.customer.CustomerJDBCDataAccessServiceTest" time="0.018">
    <system-out><![CDATA[19:01:08.920 [main] INFO com.zaxxer.hikari.HikariDataSource -- HikariPool-7 - Starting...
19:01:08.935 [main] INFO com.zaxxer.hikari.pool.HikariPool -- HikariPool-7 - Added connection org.postgresql.jdbc.PgConnection@3c62be3c
19:01:08.936 [main] INFO com.zaxxer.hikari.HikariDataSource -- HikariPool-7 - Start completed.
]]></system-out>
  </testcase>
  <testcase name="updateCustomerName" classname="com.shermatov.customer.CustomerJDBCDataAccessServiceTest" time="0.032">
    <system-out><![CDATA[19:01:08.938 [main] INFO com.zaxxer.hikari.HikariDataSource -- HikariPool-8 - Starting...
19:01:08.954 [main] INFO com.zaxxer.hikari.pool.HikariPool -- HikariPool-8 - Added connection org.postgresql.jdbc.PgConnection@4feec184
19:01:08.955 [main] INFO com.zaxxer.hikari.HikariDataSource -- HikariPool-8 - Start completed.
dbcTemplate.update = 1
update customer name result = 1
]]></system-out>
  </testcase>
  <testcase name="existsPersonWithAge" classname="com.shermatov.customer.CustomerJDBCDataAccessServiceTest" time="0.033">
    <system-out><![CDATA[19:01:08.972 [main] INFO com.zaxxer.hikari.HikariDataSource -- HikariPool-9 - Starting...
19:01:08.997 [main] INFO com.zaxxer.hikari.pool.HikariPool -- HikariPool-9 - Added connection org.postgresql.jdbc.PgConnection@499c4d61
19:01:08.998 [main] INFO com.zaxxer.hikari.HikariDataSource -- HikariPool-9 - Start completed.
dbcTemplate.update = 1
]]></system-out>
  </testcase>
  <testcase name="willNotUpdateWhenNothingToUpdate" classname="com.shermatov.customer.CustomerJDBCDataAccessServiceTest" time="0.053">
    <system-out><![CDATA[19:01:09.006 [main] INFO com.zaxxer.hikari.HikariDataSource -- HikariPool-10 - Starting...
19:01:09.052 [main] INFO com.zaxxer.hikari.pool.HikariPool -- HikariPool-10 - Added connection org.postgresql.jdbc.PgConnection@66dd04e2
19:01:09.052 [main] INFO com.zaxxer.hikari.HikariDataSource -- HikariPool-10 - Start completed.
dbcTemplate.update = 1
]]></system-out>
  </testcase>
  <testcase name="updateCustomerAge" classname="com.shermatov.customer.CustomerJDBCDataAccessServiceTest" time="0.063">
    <system-out><![CDATA[19:01:09.067 [main] INFO com.zaxxer.hikari.HikariDataSource -- HikariPool-11 - Starting...
19:01:09.103 [main] INFO com.zaxxer.hikari.pool.HikariPool -- HikariPool-11 - Added connection org.postgresql.jdbc.PgConnection@2d2f09a4
19:01:09.103 [main] INFO com.zaxxer.hikari.HikariDataSource -- HikariPool-11 - Start completed.
dbcTemplate.update = 1
update customer age result = 1
]]></system-out>
  </testcase>
  <testcase name="updateCustomer" classname="com.shermatov.customer.CustomerJDBCDataAccessServiceTest" time="0.002"/>
  <testcase name="insertCustomer" classname="com.shermatov.customer.CustomerJDBCDataAccessServiceTest" time="0.007"/>
  <testcase name="existsCustomerWithId" classname="com.shermatov.customer.CustomerJDBCDataAccessServiceTest" time="0.06">
    <system-out><![CDATA[19:01:09.137 [main] INFO com.zaxxer.hikari.HikariDataSource -- HikariPool-12 - Starting...
19:01:09.176 [main] INFO com.zaxxer.hikari.pool.HikariPool -- HikariPool-12 - Added connection org.postgresql.jdbc.PgConnection@614cbec4
19:01:09.176 [main] INFO com.zaxxer.hikari.HikariDataSource -- HikariPool-12 - Start completed.
dbcTemplate.update = 1
]]></system-out>
  </testcase>
  <testcase name="updateCustomerEmail" classname="com.shermatov.customer.CustomerJDBCDataAccessServiceTest" time="0.039">
    <system-out><![CDATA[19:01:09.197 [main] INFO com.zaxxer.hikari.HikariDataSource -- HikariPool-13 - Starting...
19:01:09.225 [main] INFO com.zaxxer.hikari.pool.HikariPool -- HikariPool-13 - Added connection org.postgresql.jdbc.PgConnection@515c732d
19:01:09.225 [main] INFO com.zaxxer.hikari.HikariDataSource -- HikariPool-13 - Start completed.
dbcTemplate.update = 1
update customer email result = 1
]]></system-out>
  </testcase>
</testsuite>